<?xml version="1.0" encoding="UTF-8"?>
<testsuite name="test.pivotal.pal.trackerapi.WelcomeApiTest" tests="1" skipped="0" failures="0" errors="0" timestamp="2019-11-19T11:07:02" hostname="pal2-OptiPlex-7050" time="0.006">
  <properties/>
  <testcase name="exampleTest" classname="test.pivotal.pal.trackerapi.WelcomeApiTest" time="0.006"/>
  <system-out><![CDATA[2019-11-19 16:37:02.645  INFO 3645 --- [    Test worker] .b.t.c.SpringBootTestContextBootstrapper : Neither @ContextConfiguration nor @ContextHierarchy found for test class [test.pivotal.pal.trackerapi.WelcomeApiTest], using SpringBootContextLoader
2019-11-19 16:37:02.645  INFO 3645 --- [    Test worker] o.s.t.c.support.AbstractContextLoader    : Could not detect default resource locations for test class [test.pivotal.pal.trackerapi.WelcomeApiTest]: no resource found for suffixes {-context.xml, Context.groovy}.
2019-11-19 16:37:02.646  INFO 3645 --- [    Test worker] .b.t.c.SpringBootTestContextBootstrapper : Loaded default TestExecutionListener class names from location [META-INF/spring.factories]: [org.springframework.boot.test.autoconfigure.restdocs.RestDocsTestExecutionListener, org.springframework.boot.test.autoconfigure.web.client.MockRestServiceServerResetTestExecutionListener, org.springframework.boot.test.autoconfigure.web.servlet.MockMvcPrintOnlyOnFailureTestExecutionListener, org.springframework.boot.test.autoconfigure.web.servlet.WebDriverTestExecutionListener, org.springframework.boot.test.mock.mockito.MockitoTestExecutionListener, org.springframework.boot.test.mock.mockito.ResetMocksTestExecutionListener, org.springframework.test.context.web.ServletTestExecutionListener, org.springframework.test.context.support.DirtiesContextBeforeModesTestExecutionListener, org.springframework.test.context.support.DependencyInjectionTestExecutionListener, org.springframework.test.context.support.DirtiesContextTestExecutionListener, org.springframework.test.context.transaction.TransactionalTestExecutionListener, org.springframework.test.context.jdbc.SqlScriptsTestExecutionListener]
2019-11-19 16:37:02.647  INFO 3645 --- [    Test worker] .b.t.c.SpringBootTestContextBootstrapper : Using TestExecutionListeners: [org.springframework.test.context.web.ServletTestExecutionListener@7e3ce44f, org.springframework.test.context.support.DirtiesContextBeforeModesTestExecutionListener@1a771a0b, org.springframework.boot.test.mock.mockito.MockitoTestExecutionListener@22b5f84, org.springframework.boot.test.autoconfigure.SpringBootDependencyInjectionTestExecutionListener@4a4fcced, org.springframework.test.context.support.DirtiesContextTestExecutionListener@53c85777, org.springframework.boot.test.autoconfigure.restdocs.RestDocsTestExecutionListener@71cdb847, org.springframework.boot.test.autoconfigure.web.client.MockRestServiceServerResetTestExecutionListener@29420e85, org.springframework.boot.test.autoconfigure.web.servlet.MockMvcPrintOnlyOnFailureTestExecutionListener@1dde97e4, org.springframework.boot.test.autoconfigure.web.servlet.WebDriverTestExecutionListener@cbc08c7, org.springframework.boot.test.mock.mockito.ResetMocksTestExecutionListener@102f8697]
]]></system-out>
  <system-err><![CDATA[]]></system-err>
</testsuite>
