<?xml version="1.0" encoding="UTF-8"?>
<testsuite name="test.pivotal.pal.trackerapi.WelcomeApiTest" tests="1" skipped="0" failures="0" errors="0" timestamp="2019-11-20T08:47:09" hostname="pal2-OptiPlex-7050" time="0.008">
  <properties/>
  <testcase name="exampleTest" classname="test.pivotal.pal.trackerapi.WelcomeApiTest" time="0.008"/>
  <system-out><![CDATA[2019-11-20 14:17:09.518  INFO 30383 --- [    Test worker] .b.t.c.SpringBootTestContextBootstrapper : Neither @ContextConfiguration nor @ContextHierarchy found for test class [test.pivotal.pal.trackerapi.WelcomeApiTest], using SpringBootContextLoader
2019-11-20 14:17:09.519  INFO 30383 --- [    Test worker] o.s.t.c.support.AbstractContextLoader    : Could not detect default resource locations for test class [test.pivotal.pal.trackerapi.WelcomeApiTest]: no resource found for suffixes {-context.xml, Context.groovy}.
2019-11-20 14:17:09.520  INFO 30383 --- [    Test worker] .b.t.c.SpringBootTestContextBootstrapper : Loaded default TestExecutionListener class names from location [META-INF/spring.factories]: [org.springframework.boot.test.autoconfigure.restdocs.RestDocsTestExecutionListener, org.springframework.boot.test.autoconfigure.web.client.MockRestServiceServerResetTestExecutionListener, org.springframework.boot.test.autoconfigure.web.servlet.MockMvcPrintOnlyOnFailureTestExecutionListener, org.springframework.boot.test.autoconfigure.web.servlet.WebDriverTestExecutionListener, org.springframework.boot.test.mock.mockito.MockitoTestExecutionListener, org.springframework.boot.test.mock.mockito.ResetMocksTestExecutionListener, org.springframework.test.context.web.ServletTestExecutionListener, org.springframework.test.context.support.DirtiesContextBeforeModesTestExecutionListener, org.springframework.test.context.support.DependencyInjectionTestExecutionListener, org.springframework.test.context.support.DirtiesContextTestExecutionListener, org.springframework.test.context.transaction.TransactionalTestExecutionListener, org.springframework.test.context.jdbc.SqlScriptsTestExecutionListener]
2019-11-20 14:17:09.520  INFO 30383 --- [    Test worker] .b.t.c.SpringBootTestContextBootstrapper : Using TestExecutionListeners: [org.springframework.test.context.web.ServletTestExecutionListener@774fb36d, org.springframework.test.context.support.DirtiesContextBeforeModesTestExecutionListener@117c62a2, org.springframework.boot.test.mock.mockito.MockitoTestExecutionListener@795ba910, org.springframework.boot.test.autoconfigure.SpringBootDependencyInjectionTestExecutionListener@3c676dbb, org.springframework.test.context.support.DirtiesContextTestExecutionListener@36396581, org.springframework.test.context.transaction.TransactionalTestExecutionListener@44a26896, org.springframework.test.context.jdbc.SqlScriptsTestExecutionListener@60955a3b, org.springframework.boot.test.autoconfigure.restdocs.RestDocsTestExecutionListener@6798e927, org.springframework.boot.test.autoconfigure.web.client.MockRestServiceServerResetTestExecutionListener@1af09d38, org.springframework.boot.test.autoconfigure.web.servlet.MockMvcPrintOnlyOnFailureTestExecutionListener@4d41a028, org.springframework.boot.test.autoconfigure.web.servlet.WebDriverTestExecutionListener@7cf6f39, org.springframework.boot.test.mock.mockito.ResetMocksTestExecutionListener@27be7f36]
]]></system-out>
  <system-err><![CDATA[]]></system-err>
</testsuite>
