<?xml version="1.0" encoding="UTF-8"?>
<testsuite name="test.pivotal.pal.trackerapi.WelcomeApiTest" tests="1" skipped="0" failures="0" errors="0" timestamp="2019-11-20T05:38:20" hostname="pal2-OptiPlex-7050" time="0.009">
  <properties/>
  <testcase name="exampleTest" classname="test.pivotal.pal.trackerapi.WelcomeApiTest" time="0.009"/>
  <system-out><![CDATA[2019-11-20 11:08:20.652  INFO 25555 --- [    Test worker] .b.t.c.SpringBootTestContextBootstrapper : Neither @ContextConfiguration nor @ContextHierarchy found for test class [test.pivotal.pal.trackerapi.WelcomeApiTest], using SpringBootContextLoader
2019-11-20 11:08:20.653  INFO 25555 --- [    Test worker] o.s.t.c.support.AbstractContextLoader    : Could not detect default resource locations for test class [test.pivotal.pal.trackerapi.WelcomeApiTest]: no resource found for suffixes {-context.xml, Context.groovy}.
2019-11-20 11:08:20.655  INFO 25555 --- [    Test worker] .b.t.c.SpringBootTestContextBootstrapper : Loaded default TestExecutionListener class names from location [META-INF/spring.factories]: [org.springframework.boot.test.autoconfigure.restdocs.RestDocsTestExecutionListener, org.springframework.boot.test.autoconfigure.web.client.MockRestServiceServerResetTestExecutionListener, org.springframework.boot.test.autoconfigure.web.servlet.MockMvcPrintOnlyOnFailureTestExecutionListener, org.springframework.boot.test.autoconfigure.web.servlet.WebDriverTestExecutionListener, org.springframework.boot.test.mock.mockito.MockitoTestExecutionListener, org.springframework.boot.test.mock.mockito.ResetMocksTestExecutionListener, org.springframework.test.context.web.ServletTestExecutionListener, org.springframework.test.context.support.DirtiesContextBeforeModesTestExecutionListener, org.springframework.test.context.support.DependencyInjectionTestExecutionListener, org.springframework.test.context.support.DirtiesContextTestExecutionListener, org.springframework.test.context.transaction.TransactionalTestExecutionListener, org.springframework.test.context.jdbc.SqlScriptsTestExecutionListener]
2019-11-20 11:08:20.655  INFO 25555 --- [    Test worker] .b.t.c.SpringBootTestContextBootstrapper : Using TestExecutionListeners: [org.springframework.test.context.web.ServletTestExecutionListener@773f0bec, org.springframework.test.context.support.DirtiesContextBeforeModesTestExecutionListener@4a2db065, org.springframework.boot.test.mock.mockito.MockitoTestExecutionListener@2bb4bc4d, org.springframework.boot.test.autoconfigure.SpringBootDependencyInjectionTestExecutionListener@1a19f37, org.springframework.test.context.support.DirtiesContextTestExecutionListener@e4e8484, org.springframework.test.context.transaction.TransactionalTestExecutionListener@2947b3b0, org.springframework.test.context.jdbc.SqlScriptsTestExecutionListener@279f2401, org.springframework.boot.test.autoconfigure.restdocs.RestDocsTestExecutionListener@2a4a5fe2, org.springframework.boot.test.autoconfigure.web.client.MockRestServiceServerResetTestExecutionListener@505a848b, org.springframework.boot.test.autoconfigure.web.servlet.MockMvcPrintOnlyOnFailureTestExecutionListener@44147703, org.springframework.boot.test.autoconfigure.web.servlet.WebDriverTestExecutionListener@1a75ecac, org.springframework.boot.test.mock.mockito.ResetMocksTestExecutionListener@6238054f]
]]></system-out>
  <system-err><![CDATA[]]></system-err>
</testsuite>
